<?xml version="1.0" encoding="UTF-8"?>
<testng-results ignored="0" total="5" passed="5" failed="0" skipped="0">
  <reporter-output>
  </reporter-output>
  <suite started-at="2022-11-19T11:47:30 EST" name="Default suite" finished-at="2022-11-19T11:47:30 EST" duration-ms="148">
    <groups>
      <group name="sanity">
        <method signature="Testing1.test1()[pri:0, instance:tests.Testing1@5d0a1059]" name="test1" class="tests.Testing1"/>
      </group> <!-- sanity -->
    </groups>
    <test started-at="2022-11-19T11:47:30 EST" name="Default test" finished-at="2022-11-19T11:47:30 EST" duration-ms="148">
      <class name="tests.Testing1">
        <test-method is-config="true" signature="beforeSuite()[pri:0, instance:tests.Testing1@5d0a1059]" started-at="2022-11-19T11:47:29 EST" name="beforeSuite" finished-at="2022-11-19T11:47:30 EST" duration-ms="25" status="PASS">
          <reporter-output>
          </reporter-output>
        </test-method> <!-- beforeSuite -->
        <test-method is-config="true" signature="beforeTest()[pri:0, instance:tests.Testing1@5d0a1059]" started-at="2022-11-19T11:47:30 EST" name="beforeTest" finished-at="2022-11-19T11:47:30 EST" duration-ms="1" status="PASS">
          <reporter-output>
          </reporter-output>
        </test-method> <!-- beforeTest -->
        <test-method is-config="true" signature="beforeClass()[pri:0, instance:tests.Testing1@5d0a1059]" started-at="2022-11-19T11:47:30 EST" name="beforeClass" finished-at="2022-11-19T11:47:30 EST" duration-ms="1" status="PASS">
          <reporter-output>
          </reporter-output>
        </test-method> <!-- beforeClass -->
        <test-method is-config="true" signature="beforeMethod()[pri:0, instance:tests.Testing1@5d0a1059]" started-at="2022-11-19T11:47:30 EST" name="beforeMethod" finished-at="2022-11-19T11:47:30 EST" duration-ms="0" status="PASS">
          <reporter-output>
          </reporter-output>
        </test-method> <!-- beforeMethod -->
        <test-method signature="f(java.lang.Integer,java.lang.String)[pri:0, instance:tests.Testing1@5d0a1059]" started-at="2022-11-19T11:47:30 EST" name="f" data-provider="dp" finished-at="2022-11-19T11:47:30 EST" duration-ms="10" status="PASS">
          <params>
            <param index="0">
              <value>
                <![CDATA[1]]>
              </value>
            </param>
            <param index="1">
              <value>
                <![CDATA[a]]>
              </value>
            </param>
          </params>
          <reporter-output>
          </reporter-output>
        </test-method> <!-- f -->
        <test-method is-config="true" signature="afterMethod()[pri:0, instance:tests.Testing1@5d0a1059]" started-at="2022-11-19T11:47:30 EST" name="afterMethod" finished-at="2022-11-19T11:47:30 EST" duration-ms="0" status="PASS">
          <reporter-output>
          </reporter-output>
        </test-method> <!-- afterMethod -->
        <test-method is-config="true" signature="beforeMethod()[pri:0, instance:tests.Testing1@5d0a1059]" started-at="2022-11-19T11:47:30 EST" name="beforeMethod" finished-at="2022-11-19T11:47:30 EST" duration-ms="1" status="PASS">
          <reporter-output>
          </reporter-output>
        </test-method> <!-- beforeMethod -->
        <test-method signature="f(java.lang.Integer,java.lang.String)[pri:0, instance:tests.Testing1@5d0a1059]" started-at="2022-11-19T11:47:30 EST" name="f" data-provider="dp" finished-at="2022-11-19T11:47:30 EST" duration-ms="2" status="PASS">
          <params>
            <param index="0">
              <value>
                <![CDATA[2]]>
              </value>
            </param>
            <param index="1">
              <value>
                <![CDATA[b]]>
              </value>
            </param>
          </params>
          <reporter-output>
          </reporter-output>
        </test-method> <!-- f -->
        <test-method is-config="true" signature="afterMethod()[pri:0, instance:tests.Testing1@5d0a1059]" started-at="2022-11-19T11:47:30 EST" name="afterMethod" finished-at="2022-11-19T11:47:30 EST" duration-ms="0" status="PASS">
          <reporter-output>
          </reporter-output>
        </test-method> <!-- afterMethod -->
        <test-method is-config="true" signature="beforeMethod()[pri:0, instance:tests.Testing1@5d0a1059]" started-at="2022-11-19T11:47:30 EST" name="beforeMethod" finished-at="2022-11-19T11:47:30 EST" duration-ms="1" status="PASS">
          <reporter-output>
          </reporter-output>
        </test-method> <!-- beforeMethod -->
        <test-method signature="f(java.lang.Integer,java.lang.String)[pri:0, instance:tests.Testing1@5d0a1059]" started-at="2022-11-19T11:47:30 EST" name="f" data-provider="dp" finished-at="2022-11-19T11:47:30 EST" duration-ms="3" status="PASS">
          <params>
            <param index="0">
              <value>
                <![CDATA[9]]>
              </value>
            </param>
            <param index="1">
              <value>
                <![CDATA[c]]>
              </value>
            </param>
          </params>
          <reporter-output>
          </reporter-output>
        </test-method> <!-- f -->
        <test-method is-config="true" signature="afterMethod()[pri:0, instance:tests.Testing1@5d0a1059]" started-at="2022-11-19T11:47:30 EST" name="afterMethod" finished-at="2022-11-19T11:47:30 EST" duration-ms="1" status="PASS">
          <reporter-output>
          </reporter-output>
        </test-method> <!-- afterMethod -->
        <test-method is-config="true" signature="beforeMethod()[pri:0, instance:tests.Testing1@5d0a1059]" started-at="2022-11-19T11:47:30 EST" name="beforeMethod" finished-at="2022-11-19T11:47:30 EST" duration-ms="1" status="PASS">
          <reporter-output>
          </reporter-output>
        </test-method> <!-- beforeMethod -->
        <test-method signature="test1()[pri:0, instance:tests.Testing1@5d0a1059]" started-at="2022-11-19T11:47:30 EST" name="test1" finished-at="2022-11-19T11:47:30 EST" duration-ms="2" status="PASS">
          <reporter-output>
          </reporter-output>
        </test-method> <!-- test1 -->
        <test-method is-config="true" signature="afterMethod()[pri:0, instance:tests.Testing1@5d0a1059]" started-at="2022-11-19T11:47:30 EST" name="afterMethod" finished-at="2022-11-19T11:47:30 EST" duration-ms="0" status="PASS">
          <reporter-output>
          </reporter-output>
        </test-method> <!-- afterMethod -->
        <test-method is-config="true" signature="beforeMethod()[pri:0, instance:tests.Testing1@5d0a1059]" started-at="2022-11-19T11:47:30 EST" name="beforeMethod" finished-at="2022-11-19T11:47:30 EST" duration-ms="0" status="PASS">
          <reporter-output>
          </reporter-output>
        </test-method> <!-- beforeMethod -->
        <test-method signature="test2()[pri:0, instance:tests.Testing1@5d0a1059]" started-at="2022-11-19T11:47:30 EST" name="test2" finished-at="2022-11-19T11:47:30 EST" duration-ms="1" status="PASS">
          <reporter-output>
          </reporter-output>
        </test-method> <!-- test2 -->
        <test-method is-config="true" signature="afterMethod()[pri:0, instance:tests.Testing1@5d0a1059]" started-at="2022-11-19T11:47:30 EST" name="afterMethod" finished-at="2022-11-19T11:47:30 EST" duration-ms="0" status="PASS">
          <reporter-output>
          </reporter-output>
        </test-method> <!-- afterMethod -->
        <test-method is-config="true" signature="afterClass()[pri:0, instance:tests.Testing1@5d0a1059]" started-at="2022-11-19T11:47:30 EST" name="afterClass" finished-at="2022-11-19T11:47:30 EST" duration-ms="1" status="PASS">
          <reporter-output>
          </reporter-output>
        </test-method> <!-- afterClass -->
        <test-method is-config="true" signature="afterTest()[pri:0, instance:tests.Testing1@5d0a1059]" started-at="2022-11-19T11:47:30 EST" name="afterTest" finished-at="2022-11-19T11:47:30 EST" duration-ms="0" status="PASS">
          <reporter-output>
          </reporter-output>
        </test-method> <!-- afterTest -->
        <test-method is-config="true" signature="afterSuite()[pri:0, instance:tests.Testing1@5d0a1059]" started-at="2022-11-19T11:47:30 EST" name="afterSuite" finished-at="2022-11-19T11:47:30 EST" duration-ms="1" status="PASS">
          <reporter-output>
          </reporter-output>
        </test-method> <!-- afterSuite -->
      </class> <!-- tests.Testing1 -->
    </test> <!-- Default test -->
  </suite> <!-- Default suite -->
</testng-results>
