<?xml version="1.0" encoding="UTF-8"?>
<!-- Generated by org.testng.reporters.JUnitXMLReporter -->
<testsuite ignored="0" hostname="DESKTOP-GNDE67A" failures="0" tests="5" name="Default test" time="0.148" errors="0" timestamp="2022-11-19T11:47:30 EST">
  <testcase classname="tests.Testing1" name="f" time="0.01"/>
  <testcase classname="tests.Testing1" name="f" time="0.002"/>
  <testcase classname="tests.Testing1" name="f" time="0.003"/>
  <testcase classname="tests.Testing1" name="test1" time="0.002"/>
  <testcase classname="tests.Testing1" name="test2" time="0.001"/>
</testsuite> <!-- Default test -->
