<?xml version="1.0" encoding="UTF-8"?>
<testng-results ignored="0" total="4" passed="4" failed="0" skipped="0">
  <reporter-output>
  </reporter-output>
  <suite started-at="2022-12-13T11:55:50 EST" name="Default suite" finished-at="2022-12-13T11:56:37 EST" duration-ms="47165">
    <groups>
    </groups>
    <test started-at="2022-12-13T11:55:50 EST" name="Default test" finished-at="2022-12-13T11:56:37 EST" duration-ms="47165">
      <class name="DataDrivenTesting.Data_Drive_Exel">
        <test-method signature="postNewEmployee(java.lang.String,java.lang.String,java.lang.String)[pri:0, instance:DataDrivenTesting.Data_Drive_Exel@505fc5a4]" started-at="2022-12-13T11:55:52 EST" name="postNewEmployee" data-provider="getTestEMPData" finished-at="2022-12-13T11:56:06 EST" duration-ms="13511" status="PASS">
          <params>
            <param index="0">
              <value>
                <![CDATA[John]]>
              </value>
            </param>
            <param index="1">
              <value>
                <![CDATA[5000.0]]>
              </value>
            </param>
            <param index="2">
              <value>
                <![CDATA[20.0]]>
              </value>
            </param>
          </params>
          <reporter-output>
          </reporter-output>
        </test-method> <!-- postNewEmployee -->
        <test-method signature="postNewEmployee(java.lang.String,java.lang.String,java.lang.String)[pri:0, instance:DataDrivenTesting.Data_Drive_Exel@505fc5a4]" started-at="2022-12-13T11:56:06 EST" name="postNewEmployee" data-provider="getTestEMPData" finished-at="2022-12-13T11:56:16 EST" duration-ms="10472" status="PASS">
          <params>
            <param index="0">
              <value>
                <![CDATA[Mat]]>
              </value>
            </param>
            <param index="1">
              <value>
                <![CDATA[6000.0]]>
              </value>
            </param>
            <param index="2">
              <value>
                <![CDATA[21.0]]>
              </value>
            </param>
          </params>
          <reporter-output>
          </reporter-output>
        </test-method> <!-- postNewEmployee -->
        <test-method signature="postNewEmployee(java.lang.String,java.lang.String,java.lang.String)[pri:0, instance:DataDrivenTesting.Data_Drive_Exel@505fc5a4]" started-at="2022-12-13T11:56:16 EST" name="postNewEmployee" data-provider="getTestEMPData" finished-at="2022-12-13T11:56:27 EST" duration-ms="10657" status="PASS">
          <params>
            <param index="0">
              <value>
                <![CDATA[Trevor]]>
              </value>
            </param>
            <param index="1">
              <value>
                <![CDATA[7000.0]]>
              </value>
            </param>
            <param index="2">
              <value>
                <![CDATA[22.0]]>
              </value>
            </param>
          </params>
          <reporter-output>
          </reporter-output>
        </test-method> <!-- postNewEmployee -->
        <test-method signature="postNewEmployee(java.lang.String,java.lang.String,java.lang.String)[pri:0, instance:DataDrivenTesting.Data_Drive_Exel@505fc5a4]" started-at="2022-12-13T11:56:27 EST" name="postNewEmployee" data-provider="getTestEMPData" finished-at="2022-12-13T11:56:37 EST" duration-ms="10648" status="PASS">
          <params>
            <param index="0">
              <value>
                <![CDATA[Wilmer]]>
              </value>
            </param>
            <param index="1">
              <value>
                <![CDATA[8000.0]]>
              </value>
            </param>
            <param index="2">
              <value>
                <![CDATA[23.0]]>
              </value>
            </param>
          </params>
          <reporter-output>
          </reporter-output>
        </test-method> <!-- postNewEmployee -->
      </class> <!-- DataDrivenTesting.Data_Drive_Exel -->
    </test> <!-- Default test -->
  </suite> <!-- Default suite -->
</testng-results>
