<?xml version="1.0" encoding="UTF-8"?>
<!-- Generated by org.testng.reporters.JUnitXMLReporter -->
<testsuite ignored="0" hostname="DESKTOP-GNDE67A" failures="0" tests="5" name="FirstTest" time="14.397" errors="0" timestamp="2022-10-18T14:30:57 EDT">
  <testcase classname="PracticeTestNGYoutube.searchBuyPhone" name="search" time="0.007"/>
  <testcase classname="PracticeTestNGYoutube.searchBuyPhone" name="selectPhone" time="0.002"/>
  <testcase classname="PracticeTestNGYoutube.searchBuyPhone" name="checkout" time="0.002"/>
  <testcase classname="PracticeTestNGYoutube.FirstTestCase" name="firstTestNG" time="7.759"/>
  <testcase classname="PracticeTestNGYoutube.FirstTestCase" name="SecondTestNG" time="6.582"/>
</testsuite> <!-- FirstTest -->
