<?xml version="1.0" encoding="UTF-8"?>
<!-- Generated by org.testng.reporters.JUnitXMLReporter -->
<testsuite ignored="2" hostname="DESKTOP-GNDE67A" failures="0" tests="1" name="SecondTest" time="0.003" errors="0" timestamp="2022-10-18T14:30:57 EDT">
  <testcase classname="PracticeTestNGYoutube.searchBuyPhone" name="search" time="0.001"/>
  <testcase classname="PracticeTestNGYoutube.searchBuyPhone" name="checkout" time="0.0">
    <ignored/>
  </testcase> <!-- checkout -->
  <testcase classname="PracticeTestNGYoutube.searchBuyPhone" name="selectPhone" time="0.0">
    <ignored/>
  </testcase> <!-- selectPhone -->
</testsuite> <!-- SecondTest -->
