<?xml version="1.0" encoding="UTF-8"?>
<!-- Generated by org.testng.reporters.JUnitXMLReporter -->
<testsuite ignored="1" hostname="DESKTOP-GNDE67A" failures="0" tests="1" name="ThirdTest" time="6.564" errors="0" timestamp="2022-10-18T14:31:04 EDT">
  <testcase classname="PracticeTestNGYoutube.FirstTestCase" name="SecondTestNG" time="6.56"/>
  <testcase classname="PracticeTestNGYoutube.FirstTestCase" name="firstTestNG" time="0.0">
    <ignored/>
  </testcase> <!-- firstTestNG -->
</testsuite> <!-- ThirdTest -->
