<?xml version="1.0" encoding="UTF-8"?>
<!-- Generated by org.testng.reporters.JUnitXMLReporter -->
<testsuite ignored="0" hostname="DESKTOP-GNDE67A" failures="0" tests="5" name="Test" time="14.435" errors="0" timestamp="2022-10-18T14:04:38 EDT">
  <testcase classname="PracticeTestNGYoutube.searchBuyPhone" name="search" time="0.013"/>
  <testcase classname="PracticeTestNGYoutube.searchBuyPhone" name="selectPhone" time="0.001"/>
  <testcase classname="PracticeTestNGYoutube.searchBuyPhone" name="checkout" time="0.002"/>
  <testcase classname="PracticeTestNGYoutube.FirstTestCase" name="firstTestNG" time="7.715"/>
  <testcase classname="PracticeTestNGYoutube.FirstTestCase" name="SecondTestNG" time="6.651"/>
</testsuite> <!-- Test -->
