<?xml version="1.0" encoding="UTF-8"?>
<!-- Generated by org.testng.reporters.JUnitXMLReporter -->
<testsuite ignored="0" hostname="DESKTOP-GNDE67A" failures="0" tests="3" name="Test" time="31.13" errors="0" timestamp="2022-11-12T12:10:49 EST">
  <testcase classname="tests.LoginTest" name="loginwithspecialCharecter" time="4.058"/>
  <testcase classname="tests.LoginTest" name="loginwithEmpty" time="3.464"/>
  <testcase classname="tests.LoginTest" name="loginwithEmptypassword" time="3.618"/>
</testsuite> <!-- Test -->
