<?xml version="1.0" encoding="UTF-8"?>
<!-- Generated by org.testng.reporters.JUnitXMLReporter -->
<testsuite ignored="0" hostname="DESKTOP-GNDE67A" failures="0" tests="4" name="Default test" time="47.165" errors="0" timestamp="2022-12-13T11:56:37 EST">
  <testcase classname="DataDrivenTesting.Data_Drive_Exel" name="postNewEmployee" time="13.511"/>
  <testcase classname="DataDrivenTesting.Data_Drive_Exel" name="postNewEmployee" time="10.472"/>
  <testcase classname="DataDrivenTesting.Data_Drive_Exel" name="postNewEmployee" time="10.657"/>
  <testcase classname="DataDrivenTesting.Data_Drive_Exel" name="postNewEmployee" time="10.648"/>
</testsuite> <!-- Default test -->
